HCANN000001: Hibernate Commons Annotations {4.0.5.Final}
HHH000412: Hibernate Core {4.3.11.Final}
HHH000206: hibernate.properties not found
HHH000021: Bytecode provider name : javassist
HHH000043: Configuring from resource: /hibernate.cfg.xml
HHH000040: Configuration resource: /hibernate.cfg.xml
HHH000041: Configured SessionFactory: null
HHH000402: Using Hibernate built-in connection pool (not for production use!)
HHH000401: using driver [com.mysql.jdbc.Driver] at URL [jdbc:mysql://localhost:3306/employeeportal]
HHH000046: Connection properties: {user=root, password=****}
HHH000006: Autocommit mode: false
HHH000115: Hibernate connection pool size: 20 (min=1)
HHH000400: Using dialect: org.hibernate.dialect.MySQL5Dialect
HHH000399: Using default transaction strategy (direct JDBC transactions)
HHH000397: Using ASTQueryTranslatorFactory
newState: 295
SQL Error: 1451, SQLState: 23000
Cannot delete or update a parent row: a foreign key constraint fails (`employeeportal`.`employees`, CONSTRAINT `fk_Employees_USstates1` FOREIGN KEY (`USstates_stateId`) REFERENCES `USstates` (`stateId`) ON DELETE NO ACTION ON UPDATE NO ACTION)
HHH000010: On release of batch it still contained JDBC statements
SQL Warning Code: 1451, SQLState: 23000
Cannot delete or update a parent row: a foreign key constraint fails (`employeeportal`.`employees`, CONSTRAINT `fk_Employees_USstates1` FOREIGN KEY (`USstates_stateId`) REFERENCES `USstates` (`stateId`) ON DELETE NO ACTION ON UPDATE NO ACTION)
Error deleting state
org.hibernate.exception.ConstraintViolationException: could not execute statement
	at org.hibernate.exception.internal.SQLExceptionTypeDelegate.convert(SQLExceptionTypeDelegate.java:72)
	at org.hibernate.exception.internal.StandardSQLExceptionConverter.convert(StandardSQLExceptionConverter.java:49)
	at org.hibernate.engine.jdbc.spi.SqlExceptionHelper.convert(SqlExceptionHelper.java:126)
	at org.hibernate.engine.jdbc.spi.SqlExceptionHelper.convert(SqlExceptionHelper.java:112)
	at org.hibernate.engine.jdbc.internal.ResultSetReturnImpl.executeUpdate(ResultSetReturnImpl.java:211)
	at org.hibernate.engine.jdbc.batch.internal.NonBatchingBatch.addToBatch(NonBatchingBatch.java:62)
	at org.hibernate.persister.entity.AbstractEntityPersister.delete(AbstractEntityPersister.java:3400)
	at org.hibernate.persister.entity.AbstractEntityPersister.delete(AbstractEntityPersister.java:3630)
	at org.hibernate.action.internal.EntityDeleteAction.execute(EntityDeleteAction.java:114)
	at org.hibernate.engine.spi.ActionQueue.executeActions(ActionQueue.java:465)
	at org.hibernate.engine.spi.ActionQueue.executeActions(ActionQueue.java:351)
	at org.hibernate.event.internal.AbstractFlushingEventListener.performExecutions(AbstractFlushingEventListener.java:350)
	at org.hibernate.event.internal.DefaultFlushEventListener.onFlush(DefaultFlushEventListener.java:56)
	at org.hibernate.internal.SessionImpl.flush(SessionImpl.java:1258)
	at org.hibernate.internal.SessionImpl.managedFlush(SessionImpl.java:425)
	at org.hibernate.engine.transaction.internal.jdbc.JdbcTransaction.beforeTransactionCommit(JdbcTransaction.java:101)
	at org.hibernate.engine.transaction.spi.AbstractTransactionImpl.commit(AbstractTransactionImpl.java:177)
	at com.kvang.persistence.StateDao.deleteState(StateDao.java:83)
	at com.kvang.persistence.EmployeeDaoTest.tearDown(EmployeeDaoTest.java:57)
	at sun.reflect.NativeMethodAccessorImpl.invoke0(Native Method)
	at sun.reflect.NativeMethodAccessorImpl.invoke(NativeMethodAccessorImpl.java:62)
	at sun.reflect.DelegatingMethodAccessorImpl.invoke(DelegatingMethodAccessorImpl.java:43)
	at java.lang.reflect.Method.invoke(Method.java:498)
	at org.junit.runners.model.FrameworkMethod$1.runReflectiveCall(FrameworkMethod.java:50)
	at org.junit.internal.runners.model.ReflectiveCallable.run(ReflectiveCallable.java:12)
	at org.junit.runners.model.FrameworkMethod.invokeExplosively(FrameworkMethod.java:47)
	at org.junit.internal.runners.statements.RunAfters.evaluate(RunAfters.java:33)
	at org.junit.runners.ParentRunner.runLeaf(ParentRunner.java:325)
	at org.junit.runners.BlockJUnit4ClassRunner.runChild(BlockJUnit4ClassRunner.java:78)
	at org.junit.runners.BlockJUnit4ClassRunner.runChild(BlockJUnit4ClassRunner.java:57)
	at org.junit.runners.ParentRunner$3.run(ParentRunner.java:290)
	at org.junit.runners.ParentRunner$1.schedule(ParentRunner.java:71)
	at org.junit.runners.ParentRunner.runChildren(ParentRunner.java:288)
	at org.junit.runners.ParentRunner.access$000(ParentRunner.java:58)
	at org.junit.runners.ParentRunner$2.evaluate(ParentRunner.java:268)
	at org.junit.runners.ParentRunner.run(ParentRunner.java:363)
	at org.junit.runner.JUnitCore.run(JUnitCore.java:137)
	at com.intellij.junit4.JUnit4IdeaTestRunner.startRunnerWithArgs(JUnit4IdeaTestRunner.java:68)
	at com.intellij.rt.execution.junit.IdeaTestRunner$Repeater.startRunnerWithArgs(IdeaTestRunner.java:51)
	at com.intellij.rt.execution.junit.JUnitStarter.prepareStreamsAndStart(JUnitStarter.java:237)
	at com.intellij.rt.execution.junit.JUnitStarter.main(JUnitStarter.java:70)
	at sun.reflect.NativeMethodAccessorImpl.invoke0(Native Method)
	at sun.reflect.NativeMethodAccessorImpl.invoke(NativeMethodAccessorImpl.java:62)
	at sun.reflect.DelegatingMethodAccessorImpl.invoke(DelegatingMethodAccessorImpl.java:43)
	at java.lang.reflect.Method.invoke(Method.java:498)
	at com.intellij.rt.execution.application.AppMain.main(AppMain.java:147)
Caused by: com.mysql.jdbc.exceptions.jdbc4.MySQLIntegrityConstraintViolationException: Cannot delete or update a parent row: a foreign key constraint fails (`employeeportal`.`employees`, CONSTRAINT `fk_Employees_USstates1` FOREIGN KEY (`USstates_stateId`) REFERENCES `USstates` (`stateId`) ON DELETE NO ACTION ON UPDATE NO ACTION)
	at sun.reflect.NativeConstructorAccessorImpl.newInstance0(Native Method)
	at sun.reflect.NativeConstructorAccessorImpl.newInstance(NativeConstructorAccessorImpl.java:62)
	at sun.reflect.DelegatingConstructorAccessorImpl.newInstance(DelegatingConstructorAccessorImpl.java:45)
	at java.lang.reflect.Constructor.newInstance(Constructor.java:423)
	at com.mysql.jdbc.Util.handleNewInstance(Util.java:404)
	at com.mysql.jdbc.Util.getInstance(Util.java:387)
	at com.mysql.jdbc.SQLError.createSQLException(SQLError.java:934)
	at com.mysql.jdbc.MysqlIO.checkErrorPacket(MysqlIO.java:3966)
	at com.mysql.jdbc.MysqlIO.checkErrorPacket(MysqlIO.java:3902)
	at com.mysql.jdbc.MysqlIO.sendCommand(MysqlIO.java:2526)
	at com.mysql.jdbc.MysqlIO.sqlQueryDirect(MysqlIO.java:2673)
	at com.mysql.jdbc.ConnectionImpl.execSQL(ConnectionImpl.java:2549)
	at com.mysql.jdbc.PreparedStatement.executeInternal(PreparedStatement.java:1861)
	at com.mysql.jdbc.PreparedStatement.executeUpdateInternal(PreparedStatement.java:2073)
	at com.mysql.jdbc.PreparedStatement.executeUpdateInternal(PreparedStatement.java:2009)
	at com.mysql.jdbc.PreparedStatement.executeLargeUpdate(PreparedStatement.java:5098)
	at com.mysql.jdbc.PreparedStatement.executeUpdate(PreparedStatement.java:1994)
	at org.hibernate.engine.jdbc.internal.ResultSetReturnImpl.executeUpdate(ResultSetReturnImpl.java:208)
	... 41 more
HCANN000001: Hibernate Commons Annotations {4.0.5.Final}
HHH000412: Hibernate Core {4.3.11.Final}
HHH000206: hibernate.properties not found
HHH000021: Bytecode provider name : javassist
HHH000043: Configuring from resource: /hibernate.cfg.xml
HHH000040: Configuration resource: /hibernate.cfg.xml
HHH000041: Configured SessionFactory: null
HHH000402: Using Hibernate built-in connection pool (not for production use!)
HHH000401: using driver [com.mysql.jdbc.Driver] at URL [jdbc:mysql://localhost:3306/employeeportal]
HHH000046: Connection properties: {user=root, password=****}
HHH000006: Autocommit mode: false
HHH000115: Hibernate connection pool size: 20 (min=1)
HHH000400: Using dialect: org.hibernate.dialect.MySQL5Dialect
HHH000399: Using default transaction strategy (direct JDBC transactions)
HHH000397: Using ASTQueryTranslatorFactory
newState: 296
SQL Error: 1451, SQLState: 23000
Cannot delete or update a parent row: a foreign key constraint fails (`employeeportal`.`employees`, CONSTRAINT `fk_Employees_USstates1` FOREIGN KEY (`USstates_stateId`) REFERENCES `USstates` (`stateId`) ON DELETE NO ACTION ON UPDATE NO ACTION)
HHH000010: On release of batch it still contained JDBC statements
SQL Warning Code: 1451, SQLState: 23000
Cannot delete or update a parent row: a foreign key constraint fails (`employeeportal`.`employees`, CONSTRAINT `fk_Employees_USstates1` FOREIGN KEY (`USstates_stateId`) REFERENCES `USstates` (`stateId`) ON DELETE NO ACTION ON UPDATE NO ACTION)
Error deleting state
org.hibernate.exception.ConstraintViolationException: could not execute statement
	at org.hibernate.exception.internal.SQLExceptionTypeDelegate.convert(SQLExceptionTypeDelegate.java:72)
	at org.hibernate.exception.internal.StandardSQLExceptionConverter.convert(StandardSQLExceptionConverter.java:49)
	at org.hibernate.engine.jdbc.spi.SqlExceptionHelper.convert(SqlExceptionHelper.java:126)
	at org.hibernate.engine.jdbc.spi.SqlExceptionHelper.convert(SqlExceptionHelper.java:112)
	at org.hibernate.engine.jdbc.internal.ResultSetReturnImpl.executeUpdate(ResultSetReturnImpl.java:211)
	at org.hibernate.engine.jdbc.batch.internal.NonBatchingBatch.addToBatch(NonBatchingBatch.java:62)
	at org.hibernate.persister.entity.AbstractEntityPersister.delete(AbstractEntityPersister.java:3400)
	at org.hibernate.persister.entity.AbstractEntityPersister.delete(AbstractEntityPersister.java:3630)
	at org.hibernate.action.internal.EntityDeleteAction.execute(EntityDeleteAction.java:114)
	at org.hibernate.engine.spi.ActionQueue.executeActions(ActionQueue.java:465)
	at org.hibernate.engine.spi.ActionQueue.executeActions(ActionQueue.java:351)
	at org.hibernate.event.internal.AbstractFlushingEventListener.performExecutions(AbstractFlushingEventListener.java:350)
	at org.hibernate.event.internal.DefaultFlushEventListener.onFlush(DefaultFlushEventListener.java:56)
	at org.hibernate.internal.SessionImpl.flush(SessionImpl.java:1258)
	at org.hibernate.internal.SessionImpl.managedFlush(SessionImpl.java:425)
	at org.hibernate.engine.transaction.internal.jdbc.JdbcTransaction.beforeTransactionCommit(JdbcTransaction.java:101)
	at org.hibernate.engine.transaction.spi.AbstractTransactionImpl.commit(AbstractTransactionImpl.java:177)
	at com.kvang.persistence.StateDao.deleteState(StateDao.java:83)
	at com.kvang.persistence.EmployeeDaoTest.tearDown(EmployeeDaoTest.java:57)
	at sun.reflect.NativeMethodAccessorImpl.invoke0(Native Method)
	at sun.reflect.NativeMethodAccessorImpl.invoke(NativeMethodAccessorImpl.java:62)
	at sun.reflect.DelegatingMethodAccessorImpl.invoke(DelegatingMethodAccessorImpl.java:43)
	at java.lang.reflect.Method.invoke(Method.java:498)
	at org.junit.runners.model.FrameworkMethod$1.runReflectiveCall(FrameworkMethod.java:50)
	at org.junit.internal.runners.model.ReflectiveCallable.run(ReflectiveCallable.java:12)
	at org.junit.runners.model.FrameworkMethod.invokeExplosively(FrameworkMethod.java:47)
	at org.junit.internal.runners.statements.RunAfters.evaluate(RunAfters.java:33)
	at org.junit.runners.ParentRunner.runLeaf(ParentRunner.java:325)
	at org.junit.runners.BlockJUnit4ClassRunner.runChild(BlockJUnit4ClassRunner.java:78)
	at org.junit.runners.BlockJUnit4ClassRunner.runChild(BlockJUnit4ClassRunner.java:57)
	at org.junit.runners.ParentRunner$3.run(ParentRunner.java:290)
	at org.junit.runners.ParentRunner$1.schedule(ParentRunner.java:71)
	at org.junit.runners.ParentRunner.runChildren(ParentRunner.java:288)
	at org.junit.runners.ParentRunner.access$000(ParentRunner.java:58)
	at org.junit.runners.ParentRunner$2.evaluate(ParentRunner.java:268)
	at org.junit.runners.ParentRunner.run(ParentRunner.java:363)
	at org.junit.runner.JUnitCore.run(JUnitCore.java:137)
	at com.intellij.junit4.JUnit4IdeaTestRunner.startRunnerWithArgs(JUnit4IdeaTestRunner.java:68)
	at com.intellij.rt.execution.junit.IdeaTestRunner$Repeater.startRunnerWithArgs(IdeaTestRunner.java:51)
	at com.intellij.rt.execution.junit.JUnitStarter.prepareStreamsAndStart(JUnitStarter.java:237)
	at com.intellij.rt.execution.junit.JUnitStarter.main(JUnitStarter.java:70)
	at sun.reflect.NativeMethodAccessorImpl.invoke0(Native Method)
	at sun.reflect.NativeMethodAccessorImpl.invoke(NativeMethodAccessorImpl.java:62)
	at sun.reflect.DelegatingMethodAccessorImpl.invoke(DelegatingMethodAccessorImpl.java:43)
	at java.lang.reflect.Method.invoke(Method.java:498)
	at com.intellij.rt.execution.application.AppMain.main(AppMain.java:147)
Caused by: com.mysql.jdbc.exceptions.jdbc4.MySQLIntegrityConstraintViolationException: Cannot delete or update a parent row: a foreign key constraint fails (`employeeportal`.`employees`, CONSTRAINT `fk_Employees_USstates1` FOREIGN KEY (`USstates_stateId`) REFERENCES `USstates` (`stateId`) ON DELETE NO ACTION ON UPDATE NO ACTION)
	at sun.reflect.NativeConstructorAccessorImpl.newInstance0(Native Method)
	at sun.reflect.NativeConstructorAccessorImpl.newInstance(NativeConstructorAccessorImpl.java:62)
	at sun.reflect.DelegatingConstructorAccessorImpl.newInstance(DelegatingConstructorAccessorImpl.java:45)
	at java.lang.reflect.Constructor.newInstance(Constructor.java:423)
	at com.mysql.jdbc.Util.handleNewInstance(Util.java:404)
	at com.mysql.jdbc.Util.getInstance(Util.java:387)
	at com.mysql.jdbc.SQLError.createSQLException(SQLError.java:934)
	at com.mysql.jdbc.MysqlIO.checkErrorPacket(MysqlIO.java:3966)
	at com.mysql.jdbc.MysqlIO.checkErrorPacket(MysqlIO.java:3902)
	at com.mysql.jdbc.MysqlIO.sendCommand(MysqlIO.java:2526)
	at com.mysql.jdbc.MysqlIO.sqlQueryDirect(MysqlIO.java:2673)
	at com.mysql.jdbc.ConnectionImpl.execSQL(ConnectionImpl.java:2549)
	at com.mysql.jdbc.PreparedStatement.executeInternal(PreparedStatement.java:1861)
	at com.mysql.jdbc.PreparedStatement.executeUpdateInternal(PreparedStatement.java:2073)
	at com.mysql.jdbc.PreparedStatement.executeUpdateInternal(PreparedStatement.java:2009)
	at com.mysql.jdbc.PreparedStatement.executeLargeUpdate(PreparedStatement.java:5098)
	at com.mysql.jdbc.PreparedStatement.executeUpdate(PreparedStatement.java:1994)
	at org.hibernate.engine.jdbc.internal.ResultSetReturnImpl.executeUpdate(ResultSetReturnImpl.java:208)
	... 41 more
HCANN000001: Hibernate Commons Annotations {4.0.5.Final}
HHH000412: Hibernate Core {4.3.11.Final}
HHH000206: hibernate.properties not found
HHH000021: Bytecode provider name : javassist
HHH000043: Configuring from resource: /hibernate.cfg.xml
HHH000040: Configuration resource: /hibernate.cfg.xml
HHH000041: Configured SessionFactory: null
HHH000402: Using Hibernate built-in connection pool (not for production use!)
HHH000401: using driver [com.mysql.jdbc.Driver] at URL [jdbc:mysql://localhost:3306/employeeportal]
HHH000046: Connection properties: {user=root, password=****}
HHH000006: Autocommit mode: false
HHH000115: Hibernate connection pool size: 20 (min=1)
HHH000400: Using dialect: org.hibernate.dialect.MySQL5Dialect
HHH000399: Using default transaction strategy (direct JDBC transactions)
HHH000397: Using ASTQueryTranslatorFactory
newState: 297
SQL Error: 1451, SQLState: 23000
Cannot delete or update a parent row: a foreign key constraint fails (`employeeportal`.`employees`, CONSTRAINT `fk_Employees_USstates1` FOREIGN KEY (`USstates_stateId`) REFERENCES `USstates` (`stateId`) ON DELETE NO ACTION ON UPDATE NO ACTION)
HHH000010: On release of batch it still contained JDBC statements
SQL Warning Code: 1451, SQLState: 23000
Cannot delete or update a parent row: a foreign key constraint fails (`employeeportal`.`employees`, CONSTRAINT `fk_Employees_USstates1` FOREIGN KEY (`USstates_stateId`) REFERENCES `USstates` (`stateId`) ON DELETE NO ACTION ON UPDATE NO ACTION)
Error deleting state
org.hibernate.exception.ConstraintViolationException: could not execute statement
	at org.hibernate.exception.internal.SQLExceptionTypeDelegate.convert(SQLExceptionTypeDelegate.java:72)
	at org.hibernate.exception.internal.StandardSQLExceptionConverter.convert(StandardSQLExceptionConverter.java:49)
	at org.hibernate.engine.jdbc.spi.SqlExceptionHelper.convert(SqlExceptionHelper.java:126)
	at org.hibernate.engine.jdbc.spi.SqlExceptionHelper.convert(SqlExceptionHelper.java:112)
	at org.hibernate.engine.jdbc.internal.ResultSetReturnImpl.executeUpdate(ResultSetReturnImpl.java:211)
	at org.hibernate.engine.jdbc.batch.internal.NonBatchingBatch.addToBatch(NonBatchingBatch.java:62)
	at org.hibernate.persister.entity.AbstractEntityPersister.delete(AbstractEntityPersister.java:3400)
	at org.hibernate.persister.entity.AbstractEntityPersister.delete(AbstractEntityPersister.java:3630)
	at org.hibernate.action.internal.EntityDeleteAction.execute(EntityDeleteAction.java:114)
	at org.hibernate.engine.spi.ActionQueue.executeActions(ActionQueue.java:465)
	at org.hibernate.engine.spi.ActionQueue.executeActions(ActionQueue.java:351)
	at org.hibernate.event.internal.AbstractFlushingEventListener.performExecutions(AbstractFlushingEventListener.java:350)
	at org.hibernate.event.internal.DefaultFlushEventListener.onFlush(DefaultFlushEventListener.java:56)
	at org.hibernate.internal.SessionImpl.flush(SessionImpl.java:1258)
	at org.hibernate.internal.SessionImpl.managedFlush(SessionImpl.java:425)
	at org.hibernate.engine.transaction.internal.jdbc.JdbcTransaction.beforeTransactionCommit(JdbcTransaction.java:101)
	at org.hibernate.engine.transaction.spi.AbstractTransactionImpl.commit(AbstractTransactionImpl.java:177)
	at com.kvang.persistence.StateDao.deleteState(StateDao.java:83)
	at com.kvang.persistence.EmployeeDaoTest.tearDown(EmployeeDaoTest.java:57)
	at sun.reflect.NativeMethodAccessorImpl.invoke0(Native Method)
	at sun.reflect.NativeMethodAccessorImpl.invoke(NativeMethodAccessorImpl.java:62)
	at sun.reflect.DelegatingMethodAccessorImpl.invoke(DelegatingMethodAccessorImpl.java:43)
	at java.lang.reflect.Method.invoke(Method.java:498)
	at org.junit.runners.model.FrameworkMethod$1.runReflectiveCall(FrameworkMethod.java:50)
	at org.junit.internal.runners.model.ReflectiveCallable.run(ReflectiveCallable.java:12)
	at org.junit.runners.model.FrameworkMethod.invokeExplosively(FrameworkMethod.java:47)
	at org.junit.internal.runners.statements.RunAfters.evaluate(RunAfters.java:33)
	at org.junit.runners.ParentRunner.runLeaf(ParentRunner.java:325)
	at org.junit.runners.BlockJUnit4ClassRunner.runChild(BlockJUnit4ClassRunner.java:78)
	at org.junit.runners.BlockJUnit4ClassRunner.runChild(BlockJUnit4ClassRunner.java:57)
	at org.junit.runners.ParentRunner$3.run(ParentRunner.java:290)
	at org.junit.runners.ParentRunner$1.schedule(ParentRunner.java:71)
	at org.junit.runners.ParentRunner.runChildren(ParentRunner.java:288)
	at org.junit.runners.ParentRunner.access$000(ParentRunner.java:58)
	at org.junit.runners.ParentRunner$2.evaluate(ParentRunner.java:268)
	at org.junit.runners.ParentRunner.run(ParentRunner.java:363)
	at org.junit.runner.JUnitCore.run(JUnitCore.java:137)
	at com.intellij.junit4.JUnit4IdeaTestRunner.startRunnerWithArgs(JUnit4IdeaTestRunner.java:68)
	at com.intellij.rt.execution.junit.IdeaTestRunner$Repeater.startRunnerWithArgs(IdeaTestRunner.java:51)
	at com.intellij.rt.execution.junit.JUnitStarter.prepareStreamsAndStart(JUnitStarter.java:237)
	at com.intellij.rt.execution.junit.JUnitStarter.main(JUnitStarter.java:70)
	at sun.reflect.NativeMethodAccessorImpl.invoke0(Native Method)
	at sun.reflect.NativeMethodAccessorImpl.invoke(NativeMethodAccessorImpl.java:62)
	at sun.reflect.DelegatingMethodAccessorImpl.invoke(DelegatingMethodAccessorImpl.java:43)
	at java.lang.reflect.Method.invoke(Method.java:498)
	at com.intellij.rt.execution.application.AppMain.main(AppMain.java:147)
Caused by: com.mysql.jdbc.exceptions.jdbc4.MySQLIntegrityConstraintViolationException: Cannot delete or update a parent row: a foreign key constraint fails (`employeeportal`.`employees`, CONSTRAINT `fk_Employees_USstates1` FOREIGN KEY (`USstates_stateId`) REFERENCES `USstates` (`stateId`) ON DELETE NO ACTION ON UPDATE NO ACTION)
	at sun.reflect.NativeConstructorAccessorImpl.newInstance0(Native Method)
	at sun.reflect.NativeConstructorAccessorImpl.newInstance(NativeConstructorAccessorImpl.java:62)
	at sun.reflect.DelegatingConstructorAccessorImpl.newInstance(DelegatingConstructorAccessorImpl.java:45)
	at java.lang.reflect.Constructor.newInstance(Constructor.java:423)
	at com.mysql.jdbc.Util.handleNewInstance(Util.java:404)
	at com.mysql.jdbc.Util.getInstance(Util.java:387)
	at com.mysql.jdbc.SQLError.createSQLException(SQLError.java:934)
	at com.mysql.jdbc.MysqlIO.checkErrorPacket(MysqlIO.java:3966)
	at com.mysql.jdbc.MysqlIO.checkErrorPacket(MysqlIO.java:3902)
	at com.mysql.jdbc.MysqlIO.sendCommand(MysqlIO.java:2526)
	at com.mysql.jdbc.MysqlIO.sqlQueryDirect(MysqlIO.java:2673)
	at com.mysql.jdbc.ConnectionImpl.execSQL(ConnectionImpl.java:2549)
	at com.mysql.jdbc.PreparedStatement.executeInternal(PreparedStatement.java:1861)
	at com.mysql.jdbc.PreparedStatement.executeUpdateInternal(PreparedStatement.java:2073)
	at com.mysql.jdbc.PreparedStatement.executeUpdateInternal(PreparedStatement.java:2009)
	at com.mysql.jdbc.PreparedStatement.executeLargeUpdate(PreparedStatement.java:5098)
	at com.mysql.jdbc.PreparedStatement.executeUpdate(PreparedStatement.java:1994)
	at org.hibernate.engine.jdbc.internal.ResultSetReturnImpl.executeUpdate(ResultSetReturnImpl.java:208)
	... 41 more
HCANN000001: Hibernate Commons Annotations {4.0.5.Final}
HHH000412: Hibernate Core {4.3.11.Final}
HHH000206: hibernate.properties not found
HHH000021: Bytecode provider name : javassist
HHH000043: Configuring from resource: /hibernate.cfg.xml
HHH000040: Configuration resource: /hibernate.cfg.xml
HHH000041: Configured SessionFactory: null
HHH000402: Using Hibernate built-in connection pool (not for production use!)
HHH000401: using driver [com.mysql.jdbc.Driver] at URL [jdbc:mysql://localhost:3306/employeeportal]
HHH000046: Connection properties: {user=root, password=****}
HHH000006: Autocommit mode: false
HHH000115: Hibernate connection pool size: 20 (min=1)
HHH000400: Using dialect: org.hibernate.dialect.MySQL5Dialect
HHH000399: Using default transaction strategy (direct JDBC transactions)
HHH000397: Using ASTQueryTranslatorFactory
SQL Error: 1451, SQLState: 23000
Cannot delete or update a parent row: a foreign key constraint fails (`employeeportal`.`employees`, CONSTRAINT `fk_Employees_USstates1` FOREIGN KEY (`USstates_stateId`) REFERENCES `USstates` (`stateId`) ON DELETE NO ACTION ON UPDATE NO ACTION)
HHH000010: On release of batch it still contained JDBC statements
SQL Warning Code: 1451, SQLState: 23000
Cannot delete or update a parent row: a foreign key constraint fails (`employeeportal`.`employees`, CONSTRAINT `fk_Employees_USstates1` FOREIGN KEY (`USstates_stateId`) REFERENCES `USstates` (`stateId`) ON DELETE NO ACTION ON UPDATE NO ACTION)
Error deleting state
org.hibernate.exception.ConstraintViolationException: could not execute statement
	at org.hibernate.exception.internal.SQLExceptionTypeDelegate.convert(SQLExceptionTypeDelegate.java:72)
	at org.hibernate.exception.internal.StandardSQLExceptionConverter.convert(StandardSQLExceptionConverter.java:49)
	at org.hibernate.engine.jdbc.spi.SqlExceptionHelper.convert(SqlExceptionHelper.java:126)
	at org.hibernate.engine.jdbc.spi.SqlExceptionHelper.convert(SqlExceptionHelper.java:112)
	at org.hibernate.engine.jdbc.internal.ResultSetReturnImpl.executeUpdate(ResultSetReturnImpl.java:211)
	at org.hibernate.engine.jdbc.batch.internal.NonBatchingBatch.addToBatch(NonBatchingBatch.java:62)
	at org.hibernate.persister.entity.AbstractEntityPersister.delete(AbstractEntityPersister.java:3400)
	at org.hibernate.persister.entity.AbstractEntityPersister.delete(AbstractEntityPersister.java:3630)
	at org.hibernate.action.internal.EntityDeleteAction.execute(EntityDeleteAction.java:114)
	at org.hibernate.engine.spi.ActionQueue.executeActions(ActionQueue.java:465)
	at org.hibernate.engine.spi.ActionQueue.executeActions(ActionQueue.java:351)
	at org.hibernate.event.internal.AbstractFlushingEventListener.performExecutions(AbstractFlushingEventListener.java:350)
	at org.hibernate.event.internal.DefaultFlushEventListener.onFlush(DefaultFlushEventListener.java:56)
	at org.hibernate.internal.SessionImpl.flush(SessionImpl.java:1258)
	at org.hibernate.internal.SessionImpl.managedFlush(SessionImpl.java:425)
	at org.hibernate.engine.transaction.internal.jdbc.JdbcTransaction.beforeTransactionCommit(JdbcTransaction.java:101)
	at org.hibernate.engine.transaction.spi.AbstractTransactionImpl.commit(AbstractTransactionImpl.java:177)
	at com.kvang.persistence.StateDao.deleteState(StateDao.java:83)
	at com.kvang.persistence.EmployeeDaoTest.tearDown(EmployeeDaoTest.java:57)
	at sun.reflect.NativeMethodAccessorImpl.invoke0(Native Method)
	at sun.reflect.NativeMethodAccessorImpl.invoke(NativeMethodAccessorImpl.java:62)
	at sun.reflect.DelegatingMethodAccessorImpl.invoke(DelegatingMethodAccessorImpl.java:43)
	at java.lang.reflect.Method.invoke(Method.java:498)
	at org.junit.runners.model.FrameworkMethod$1.runReflectiveCall(FrameworkMethod.java:50)
	at org.junit.internal.runners.model.ReflectiveCallable.run(ReflectiveCallable.java:12)
	at org.junit.runners.model.FrameworkMethod.invokeExplosively(FrameworkMethod.java:47)
	at org.junit.internal.runners.statements.RunAfters.evaluate(RunAfters.java:33)
	at org.junit.runners.ParentRunner.runLeaf(ParentRunner.java:325)
	at org.junit.runners.BlockJUnit4ClassRunner.runChild(BlockJUnit4ClassRunner.java:78)
	at org.junit.runners.BlockJUnit4ClassRunner.runChild(BlockJUnit4ClassRunner.java:57)
	at org.junit.runners.ParentRunner$3.run(ParentRunner.java:290)
	at org.junit.runners.ParentRunner$1.schedule(ParentRunner.java:71)
	at org.junit.runners.ParentRunner.runChildren(ParentRunner.java:288)
	at org.junit.runners.ParentRunner.access$000(ParentRunner.java:58)
	at org.junit.runners.ParentRunner$2.evaluate(ParentRunner.java:268)
	at org.junit.runners.ParentRunner.run(ParentRunner.java:363)
	at org.junit.runner.JUnitCore.run(JUnitCore.java:137)
	at com.intellij.junit4.JUnit4IdeaTestRunner.startRunnerWithArgs(JUnit4IdeaTestRunner.java:68)
	at com.intellij.rt.execution.junit.IdeaTestRunner$Repeater.startRunnerWithArgs(IdeaTestRunner.java:51)
	at com.intellij.rt.execution.junit.JUnitStarter.prepareStreamsAndStart(JUnitStarter.java:237)
	at com.intellij.rt.execution.junit.JUnitStarter.main(JUnitStarter.java:70)
	at sun.reflect.NativeMethodAccessorImpl.invoke0(Native Method)
	at sun.reflect.NativeMethodAccessorImpl.invoke(NativeMethodAccessorImpl.java:62)
	at sun.reflect.DelegatingMethodAccessorImpl.invoke(DelegatingMethodAccessorImpl.java:43)
	at java.lang.reflect.Method.invoke(Method.java:498)
	at com.intellij.rt.execution.application.AppMain.main(AppMain.java:147)
Caused by: com.mysql.jdbc.exceptions.jdbc4.MySQLIntegrityConstraintViolationException: Cannot delete or update a parent row: a foreign key constraint fails (`employeeportal`.`employees`, CONSTRAINT `fk_Employees_USstates1` FOREIGN KEY (`USstates_stateId`) REFERENCES `USstates` (`stateId`) ON DELETE NO ACTION ON UPDATE NO ACTION)
	at sun.reflect.NativeConstructorAccessorImpl.newInstance0(Native Method)
	at sun.reflect.NativeConstructorAccessorImpl.newInstance(NativeConstructorAccessorImpl.java:62)
	at sun.reflect.DelegatingConstructorAccessorImpl.newInstance(DelegatingConstructorAccessorImpl.java:45)
	at java.lang.reflect.Constructor.newInstance(Constructor.java:423)
	at com.mysql.jdbc.Util.handleNewInstance(Util.java:404)
	at com.mysql.jdbc.Util.getInstance(Util.java:387)
	at com.mysql.jdbc.SQLError.createSQLException(SQLError.java:934)
	at com.mysql.jdbc.MysqlIO.checkErrorPacket(MysqlIO.java:3966)
	at com.mysql.jdbc.MysqlIO.checkErrorPacket(MysqlIO.java:3902)
	at com.mysql.jdbc.MysqlIO.sendCommand(MysqlIO.java:2526)
	at com.mysql.jdbc.MysqlIO.sqlQueryDirect(MysqlIO.java:2673)
	at com.mysql.jdbc.ConnectionImpl.execSQL(ConnectionImpl.java:2549)
	at com.mysql.jdbc.PreparedStatement.executeInternal(PreparedStatement.java:1861)
	at com.mysql.jdbc.PreparedStatement.executeUpdateInternal(PreparedStatement.java:2073)
	at com.mysql.jdbc.PreparedStatement.executeUpdateInternal(PreparedStatement.java:2009)
	at com.mysql.jdbc.PreparedStatement.executeLargeUpdate(PreparedStatement.java:5098)
	at com.mysql.jdbc.PreparedStatement.executeUpdate(PreparedStatement.java:1994)
	at org.hibernate.engine.jdbc.internal.ResultSetReturnImpl.executeUpdate(ResultSetReturnImpl.java:208)
	... 41 more
HCANN000001: Hibernate Commons Annotations {4.0.5.Final}
HHH000412: Hibernate Core {4.3.11.Final}
HHH000206: hibernate.properties not found
HHH000021: Bytecode provider name : javassist
HHH000043: Configuring from resource: /hibernate.cfg.xml
HHH000040: Configuration resource: /hibernate.cfg.xml
HHH000041: Configured SessionFactory: null
HHH000402: Using Hibernate built-in connection pool (not for production use!)
HHH000401: using driver [com.mysql.jdbc.Driver] at URL [jdbc:mysql://localhost:3306/employeeportal]
HHH000046: Connection properties: {user=root, password=****}
HHH000006: Autocommit mode: false
HHH000115: Hibernate connection pool size: 20 (min=1)
HHH000400: Using dialect: org.hibernate.dialect.MySQL5Dialect
HHH000399: Using default transaction strategy (direct JDBC transactions)
HHH000397: Using ASTQueryTranslatorFactory
SQL Error: 1451, SQLState: 23000
Cannot delete or update a parent row: a foreign key constraint fails (`employeeportal`.`employees`, CONSTRAINT `fk_Employees_USstates1` FOREIGN KEY (`USstates_stateId`) REFERENCES `USstates` (`stateId`) ON DELETE NO ACTION ON UPDATE NO ACTION)
HHH000010: On release of batch it still contained JDBC statements
SQL Warning Code: 1451, SQLState: 23000
Cannot delete or update a parent row: a foreign key constraint fails (`employeeportal`.`employees`, CONSTRAINT `fk_Employees_USstates1` FOREIGN KEY (`USstates_stateId`) REFERENCES `USstates` (`stateId`) ON DELETE NO ACTION ON UPDATE NO ACTION)
Error deleting state
org.hibernate.exception.ConstraintViolationException: could not execute statement
	at org.hibernate.exception.internal.SQLExceptionTypeDelegate.convert(SQLExceptionTypeDelegate.java:72)
	at org.hibernate.exception.internal.StandardSQLExceptionConverter.convert(StandardSQLExceptionConverter.java:49)
	at org.hibernate.engine.jdbc.spi.SqlExceptionHelper.convert(SqlExceptionHelper.java:126)
	at org.hibernate.engine.jdbc.spi.SqlExceptionHelper.convert(SqlExceptionHelper.java:112)
	at org.hibernate.engine.jdbc.internal.ResultSetReturnImpl.executeUpdate(ResultSetReturnImpl.java:211)
	at org.hibernate.engine.jdbc.batch.internal.NonBatchingBatch.addToBatch(NonBatchingBatch.java:62)
	at org.hibernate.persister.entity.AbstractEntityPersister.delete(AbstractEntityPersister.java:3400)
	at org.hibernate.persister.entity.AbstractEntityPersister.delete(AbstractEntityPersister.java:3630)
	at org.hibernate.action.internal.EntityDeleteAction.execute(EntityDeleteAction.java:114)
	at org.hibernate.engine.spi.ActionQueue.executeActions(ActionQueue.java:465)
	at org.hibernate.engine.spi.ActionQueue.executeActions(ActionQueue.java:351)
	at org.hibernate.event.internal.AbstractFlushingEventListener.performExecutions(AbstractFlushingEventListener.java:350)
	at org.hibernate.event.internal.DefaultFlushEventListener.onFlush(DefaultFlushEventListener.java:56)
	at org.hibernate.internal.SessionImpl.flush(SessionImpl.java:1258)
	at org.hibernate.internal.SessionImpl.managedFlush(SessionImpl.java:425)
	at org.hibernate.engine.transaction.internal.jdbc.JdbcTransaction.beforeTransactionCommit(JdbcTransaction.java:101)
	at org.hibernate.engine.transaction.spi.AbstractTransactionImpl.commit(AbstractTransactionImpl.java:177)
	at com.kvang.persistence.StateDao.deleteState(StateDao.java:83)
	at com.kvang.persistence.EmployeeDaoTest.tearDown(EmployeeDaoTest.java:57)
	at sun.reflect.NativeMethodAccessorImpl.invoke0(Native Method)
	at sun.reflect.NativeMethodAccessorImpl.invoke(NativeMethodAccessorImpl.java:62)
	at sun.reflect.DelegatingMethodAccessorImpl.invoke(DelegatingMethodAccessorImpl.java:43)
	at java.lang.reflect.Method.invoke(Method.java:498)
	at org.junit.runners.model.FrameworkMethod$1.runReflectiveCall(FrameworkMethod.java:50)
	at org.junit.internal.runners.model.ReflectiveCallable.run(ReflectiveCallable.java:12)
	at org.junit.runners.model.FrameworkMethod.invokeExplosively(FrameworkMethod.java:47)
	at org.junit.internal.runners.statements.RunAfters.evaluate(RunAfters.java:33)
	at org.junit.runners.ParentRunner.runLeaf(ParentRunner.java:325)
	at org.junit.runners.BlockJUnit4ClassRunner.runChild(BlockJUnit4ClassRunner.java:78)
	at org.junit.runners.BlockJUnit4ClassRunner.runChild(BlockJUnit4ClassRunner.java:57)
	at org.junit.runners.ParentRunner$3.run(ParentRunner.java:290)
	at org.junit.runners.ParentRunner$1.schedule(ParentRunner.java:71)
	at org.junit.runners.ParentRunner.runChildren(ParentRunner.java:288)
	at org.junit.runners.ParentRunner.access$000(ParentRunner.java:58)
	at org.junit.runners.ParentRunner$2.evaluate(ParentRunner.java:268)
	at org.junit.runners.ParentRunner.run(ParentRunner.java:363)
	at org.junit.runner.JUnitCore.run(JUnitCore.java:137)
	at com.intellij.junit4.JUnit4IdeaTestRunner.startRunnerWithArgs(JUnit4IdeaTestRunner.java:68)
	at com.intellij.rt.execution.junit.IdeaTestRunner$Repeater.startRunnerWithArgs(IdeaTestRunner.java:51)
	at com.intellij.rt.execution.junit.JUnitStarter.prepareStreamsAndStart(JUnitStarter.java:237)
	at com.intellij.rt.execution.junit.JUnitStarter.main(JUnitStarter.java:70)
	at sun.reflect.NativeMethodAccessorImpl.invoke0(Native Method)
	at sun.reflect.NativeMethodAccessorImpl.invoke(NativeMethodAccessorImpl.java:62)
	at sun.reflect.DelegatingMethodAccessorImpl.invoke(DelegatingMethodAccessorImpl.java:43)
	at java.lang.reflect.Method.invoke(Method.java:498)
	at com.intellij.rt.execution.application.AppMain.main(AppMain.java:147)
Caused by: com.mysql.jdbc.exceptions.jdbc4.MySQLIntegrityConstraintViolationException: Cannot delete or update a parent row: a foreign key constraint fails (`employeeportal`.`employees`, CONSTRAINT `fk_Employees_USstates1` FOREIGN KEY (`USstates_stateId`) REFERENCES `USstates` (`stateId`) ON DELETE NO ACTION ON UPDATE NO ACTION)
	at sun.reflect.NativeConstructorAccessorImpl.newInstance0(Native Method)
	at sun.reflect.NativeConstructorAccessorImpl.newInstance(NativeConstructorAccessorImpl.java:62)
	at sun.reflect.DelegatingConstructorAccessorImpl.newInstance(DelegatingConstructorAccessorImpl.java:45)
	at java.lang.reflect.Constructor.newInstance(Constructor.java:423)
	at com.mysql.jdbc.Util.handleNewInstance(Util.java:404)
	at com.mysql.jdbc.Util.getInstance(Util.java:387)
	at com.mysql.jdbc.SQLError.createSQLException(SQLError.java:934)
	at com.mysql.jdbc.MysqlIO.checkErrorPacket(MysqlIO.java:3966)
	at com.mysql.jdbc.MysqlIO.checkErrorPacket(MysqlIO.java:3902)
	at com.mysql.jdbc.MysqlIO.sendCommand(MysqlIO.java:2526)
	at com.mysql.jdbc.MysqlIO.sqlQueryDirect(MysqlIO.java:2673)
	at com.mysql.jdbc.ConnectionImpl.execSQL(ConnectionImpl.java:2549)
	at com.mysql.jdbc.PreparedStatement.executeInternal(PreparedStatement.java:1861)
	at com.mysql.jdbc.PreparedStatement.executeUpdateInternal(PreparedStatement.java:2073)
	at com.mysql.jdbc.PreparedStatement.executeUpdateInternal(PreparedStatement.java:2009)
	at com.mysql.jdbc.PreparedStatement.executeLargeUpdate(PreparedStatement.java:5098)
	at com.mysql.jdbc.PreparedStatement.executeUpdate(PreparedStatement.java:1994)
	at org.hibernate.engine.jdbc.internal.ResultSetReturnImpl.executeUpdate(ResultSetReturnImpl.java:208)
	... 41 more
